[20:00:42] [Server thread/ERROR]: [DrcomoGuiBinder] §f[§aDrcomoGuiBinder§f]§r 执行 MySQL 脚本失败: schema-mysql.sql
java.sql.SQLSyntaxErrorException: Duplicate key name 'idx_gui_bindings_player'
	at com.mysql.cj.jdbc.exceptions.SQLError.createSQLException(SQLError.java:121) ~[mysql-connector-j-8.0.33.jar:8.0.33]
	at com.mysql.cj.jdbc.exceptions.SQLExceptionsMapping.translateException(SQLExceptionsMapping.java:122) ~[mysql-connector-j-8.0.33.jar:8.0.33]
	at com.mysql.cj.jdbc.ClientPreparedStatement.executeInternal(ClientPreparedStatement.java:916) ~[mysql-connector-j-8.0.33.jar:8.0.33]
	at com.mysql.cj.jdbc.ClientPreparedStatement.executeUpdateInternal(ClientPreparedStatement.java:1061) ~[mysql-connector-j-8.0.33.jar:8.0.33]
	at com.mysql.cj.jdbc.ClientPreparedStatement.executeUpdateInternal(ClientPreparedStatement.java:1009) ~[mysql-connector-j-8.0.33.jar:8.0.33]
	at com.mysql.cj.jdbc.ClientPreparedStatement.executeLargeUpdate(ClientPreparedStatement.java:1320) ~[mysql-connector-j-8.0.33.jar:8.0.33]
	at com.mysql.cj.jdbc.ClientPreparedStatement.executeUpdate(ClientPreparedStatement.java:994) ~[mysql-connector-j-8.0.33.jar:8.0.33]
	at cn.drcomo.drcomoguibinder.database.MySQLProvider.executeSchemaScript(MySQLProvider.java:327) ~[DrcomoGuiBinder-1.0.jar:?]
	at cn.drcomo.drcomoguibinder.database.MySQLProvider.initializeSchema(MySQLProvider.java:127) ~[DrcomoGuiBinder-1.0.jar:?]
	at cn.drcomo.drcomoguibinder.bind.BindingRepository.connect(BindingRepository.java:43) ~[DrcomoGuiBinder-1.0.jar:?]
	at cn.drcomo.drcomoguibinder.DrcomoGuiBinder.onEnable(DrcomoGuiBinder.java:122) ~[DrcomoGuiBinder-1.0.jar:?]
	at org.bukkit.plugin.java.JavaPlugin.setEnabled(JavaPlugin.java:281) ~[paper-api-1.20.1-R0.1-SNAPSHOT.jar:?]
	at io.papermc.paper.plugin.manager.PaperPluginInstanceManager.enablePlugin(PaperPluginInstanceManager.java:189) ~[paper-1.20.1.jar:git-Paper-196]
	at jdk.internal.reflect.DirectMethodHandleAccessor.invoke(DirectMethodHandleAccessor.java:103) ~[?:?]
	at java.lang.reflect.Method.invoke(Method.java:580) ~[?:?]
	at com.rylinaux.plugman.util.PaperPluginUtil.load(PaperPluginUtil.java:359) ~[[ P - 管理 ] PlugManX.jar:?]
	at com.rylinaux.plugman.command.LoadCommand.execute(LoadCommand.java:116) ~[[ P - 管理 ] PlugManX.jar:?]
	at com.rylinaux.plugman.PlugManCommandHandler.onCommand(PlugManCommandHandler.java:98) ~[[ P - 管理 ] PlugManX.jar:?]
	at org.bukkit.command.PluginCommand.execute(PluginCommand.java:45) ~[paper-api-1.20.1-R0.1-SNAPSHOT.jar:?]
	at org.bukkit.command.SimpleCommandMap.dispatch(SimpleCommandMap.java:155) ~[paper-api-1.20.1-R0.1-SNAPSHOT.jar:?]
	at org.bukkit.craftbukkit.v1_20_R1.CraftServer.dispatchCommand(CraftServer.java:987) ~[paper-1.20.1.jar:git-Paper-196]
	at org.bukkit.craftbukkit.v1_20_R1.command.BukkitCommandWrapper.run(BukkitCommandWrapper.java:64) ~[paper-1.20.1.jar:git-Paper-196]
	at com.mojang.brigadier.CommandDispatcher.execute(CommandDispatcher.java:265) ~[paper-1.20.1.jar:?]
	at net.minecraft.commands.Commands.performCommand(Commands.java:324) ~[?:?]
	at net.minecraft.commands.Commands.performCommand(Commands.java:308) ~[?:?]
	at net.minecraft.server.network.ServerGamePacketListenerImpl.performChatCommand(ServerGamePacketListenerImpl.java:2354) ~[?:?]
	at net.minecraft.server.network.ServerGamePacketListenerImpl.lambda$handleChatCommand$21(ServerGamePacketListenerImpl.java:2314) ~[?:?]
	at net.minecraft.util.thread.BlockableEventLoop.lambda$submitAsync$0(BlockableEventLoop.java:59) ~[?:?]
	at java.util.concurrent.CompletableFuture$AsyncSupply.run(CompletableFuture.java:1768) ~[?:?]
	at net.minecraft.server.TickTask.run(TickTask.java:18) ~[paper-1.20.1.jar:git-Paper-196]
	at net.minecraft.util.thread.BlockableEventLoop.doRunTask(BlockableEventLoop.java:153) ~[?:?]
	at net.minecraft.util.thread.ReentrantBlockableEventLoop.doRunTask(ReentrantBlockableEventLoop.java:24) ~[?:?]
	at net.minecraft.server.MinecraftServer.doRunTask(MinecraftServer.java:1338) ~[paper-1.20.1.jar:git-Paper-196]
	at net.minecraft.server.MinecraftServer.d(MinecraftServer.java:197) ~[paper-1.20.1.jar:git-Paper-196]
	at net.minecraft.util.thread.BlockableEventLoop.pollTask(BlockableEventLoop.java:126) ~[?:?]
	at net.minecraft.server.MinecraftServer.pollTaskInternal(MinecraftServer.java:1315) ~[paper-1.20.1.jar:git-Paper-196]
	at net.minecraft.server.MinecraftServer.pollTask(MinecraftServer.java:1308) ~[paper-1.20.1.jar:git-Paper-196]
	at net.minecraft.util.thread.BlockableEventLoop.managedBlock(BlockableEventLoop.java:136) ~[?:?]
	at net.minecraft.server.MinecraftServer.waitUntilNextTick(MinecraftServer.java:1286) ~[paper-1.20.1.jar:git-Paper-196]
	at net.minecraft.server.MinecraftServer.runServer(MinecraftServer.java:1174) ~[paper-1.20.1.jar:git-Paper-196]
	at net.minecraft.server.MinecraftServer.lambda$spin$0(MinecraftServer.java:317) ~[paper-1.20.1.jar:git-Paper-196]
	at java.lang.Thread.run(Thread.java:1583) ~[?:?]
[20:00:42] [Server thread/ERROR]: [DrcomoGuiBinder] §f[§aDrcomoGuiBinder§f]§r MySQL 表结构初始化失败
java.lang.Exception: 无法执行SQL脚本: schema-mysql.sql
	at cn.drcomo.drcomoguibinder.database.MySQLProvider.executeSchemaScript(MySQLProvider.java:335) ~[DrcomoGuiBinder-1.0.jar:?]
	at cn.drcomo.drcomoguibinder.database.MySQLProvider.initializeSchema(MySQLProvider.java:127) ~[DrcomoGuiBinder-1.0.jar:?]
	at cn.drcomo.drcomoguibinder.bind.BindingRepository.connect(BindingRepository.java:43) ~[DrcomoGuiBinder-1.0.jar:?]
	at cn.drcomo.drcomoguibinder.DrcomoGuiBinder.onEnable(DrcomoGuiBinder.java:122) ~[DrcomoGuiBinder-1.0.jar:?]
	at org.bukkit.plugin.java.JavaPlugin.setEnabled(JavaPlugin.java:281) ~[paper-api-1.20.1-R0.1-SNAPSHOT.jar:?]
	at io.papermc.paper.plugin.manager.PaperPluginInstanceManager.enablePlugin(PaperPluginInstanceManager.java:189) ~[paper-1.20.1.jar:git-Paper-196]
	at jdk.internal.reflect.DirectMethodHandleAccessor.invoke(DirectMethodHandleAccessor.java:103) ~[?:?]
	at java.lang.reflect.Method.invoke(Method.java:580) ~[?:?]
	at com.rylinaux.plugman.util.PaperPluginUtil.load(PaperPluginUtil.java:359) ~[[ P - 管理 ] PlugManX.jar:?]
	at com.rylinaux.plugman.command.LoadCommand.execute(LoadCommand.java:116) ~[[ P - 管理 ] PlugManX.jar:?]
	at com.rylinaux.plugman.PlugManCommandHandler.onCommand(PlugManCommandHandler.java:98) ~[[ P - 管理 ] PlugManX.jar:?]
	at org.bukkit.command.PluginCommand.execute(PluginCommand.java:45) ~[paper-api-1.20.1-R0.1-SNAPSHOT.jar:?]
	at org.bukkit.command.SimpleCommandMap.dispatch(SimpleCommandMap.java:155) ~[paper-api-1.20.1-R0.1-SNAPSHOT.jar:?]
	at org.bukkit.craftbukkit.v1_20_R1.CraftServer.dispatchCommand(CraftServer.java:987) ~[paper-1.20.1.jar:git-Paper-196]
	at org.bukkit.craftbukkit.v1_20_R1.command.BukkitCommandWrapper.run(BukkitCommandWrapper.java:64) ~[paper-1.20.1.jar:git-Paper-196]
	at com.mojang.brigadier.CommandDispatcher.execute(CommandDispatcher.java:265) ~[paper-1.20.1.jar:?]
	at net.minecraft.commands.Commands.performCommand(Commands.java:324) ~[?:?]
	at net.minecraft.commands.Commands.performCommand(Commands.java:308) ~[?:?]
	at net.minecraft.server.network.ServerGamePacketListenerImpl.performChatCommand(ServerGamePacketListenerImpl.java:2354) ~[?:?]
	at net.minecraft.server.network.ServerGamePacketListenerImpl.lambda$handleChatCommand$21(ServerGamePacketListenerImpl.java:2314) ~[?:?]
	at net.minecraft.util.thread.BlockableEventLoop.lambda$submitAsync$0(BlockableEventLoop.java:59) ~[?:?]
	at java.util.concurrent.CompletableFuture$AsyncSupply.run(CompletableFuture.java:1768) ~[?:?]
	at net.minecraft.server.TickTask.run(TickTask.java:18) ~[paper-1.20.1.jar:git-Paper-196]
	at net.minecraft.util.thread.BlockableEventLoop.doRunTask(BlockableEventLoop.java:153) ~[?:?]
	at net.minecraft.util.thread.ReentrantBlockableEventLoop.doRunTask(ReentrantBlockableEventLoop.java:24) ~[?:?]
	at net.minecraft.server.MinecraftServer.doRunTask(MinecraftServer.java:1338) ~[paper-1.20.1.jar:git-Paper-196]
	at net.minecraft.server.MinecraftServer.d(MinecraftServer.java:197) ~[paper-1.20.1.jar:git-Paper-196]
	at net.minecraft.util.thread.BlockableEventLoop.pollTask(BlockableEventLoop.java:126) ~[?:?]
	at net.minecraft.server.MinecraftServer.pollTaskInternal(MinecraftServer.java:1315) ~[paper-1.20.1.jar:git-Paper-196]
	at net.minecraft.server.MinecraftServer.pollTask(MinecraftServer.java:1308) ~[paper-1.20.1.jar:git-Paper-196]
	at net.minecraft.util.thread.BlockableEventLoop.managedBlock(BlockableEventLoop.java:136) ~[?:?]
	at net.minecraft.server.MinecraftServer.waitUntilNextTick(MinecraftServer.java:1286) ~[paper-1.20.1.jar:git-Paper-196]
	at net.minecraft.server.MinecraftServer.runServer(MinecraftServer.java:1174) ~[paper-1.20.1.jar:git-Paper-196]
	at net.minecraft.server.MinecraftServer.lambda$spin$0(MinecraftServer.java:317) ~[paper-1.20.1.jar:git-Paper-196]
	at java.lang.Thread.run(Thread.java:1583) ~[?:?]
Caused by: java.sql.SQLSyntaxErrorException: Duplicate key name 'idx_gui_bindings_player'
	at com.mysql.cj.jdbc.exceptions.SQLError.createSQLException(SQLError.java:121) ~[mysql-connector-j-8.0.33.jar:8.0.33]
	at com.mysql.cj.jdbc.exceptions.SQLExceptionsMapping.translateException(SQLExceptionsMapping.java:122) ~[mysql-connector-j-8.0.33.jar:8.0.33]
	at com.mysql.cj.jdbc.ClientPreparedStatement.executeInternal(ClientPreparedStatement.java:916) ~[mysql-connector-j-8.0.33.jar:8.0.33]
	at com.mysql.cj.jdbc.ClientPreparedStatement.executeUpdateInternal(ClientPreparedStatement.java:1061) ~[mysql-connector-j-8.0.33.jar:8.0.33]
	at com.mysql.cj.jdbc.ClientPreparedStatement.executeUpdateInternal(ClientPreparedStatement.java:1009) ~[mysql-connector-j-8.0.33.jar:8.0.33]
	at com.mysql.cj.jdbc.ClientPreparedStatement.executeLargeUpdate(ClientPreparedStatement.java:1320) ~[mysql-connector-j-8.0.33.jar:8.0.33]
	at com.mysql.cj.jdbc.ClientPreparedStatement.executeUpdate(ClientPreparedStatement.java:994) ~[mysql-connector-j-8.0.33.jar:8.0.33]
	at cn.drcomo.drcomoguibinder.database.MySQLProvider.executeSchemaScript(MySQLProvider.java:327) ~[DrcomoGuiBinder-1.0.jar:?]
	... 34 more
[20:00:42] [Server thread/ERROR]: [DrcomoGuiBinder] §f[§aDrcomoGuiBinder§f]§r 初始化数据库失败
java.sql.SQLException: 无法初始化 MySQL 表结构
	at cn.drcomo.drcomoguibinder.database.MySQLProvider.initializeSchema(MySQLProvider.java:146) ~[DrcomoGuiBinder-1.0.jar:?]
	at cn.drcomo.drcomoguibinder.bind.BindingRepository.connect(BindingRepository.java:43) ~[DrcomoGuiBinder-1.0.jar:?]
	at cn.drcomo.drcomoguibinder.DrcomoGuiBinder.onEnable(DrcomoGuiBinder.java:122) ~[DrcomoGuiBinder-1.0.jar:?]
	at org.bukkit.plugin.java.JavaPlugin.setEnabled(JavaPlugin.java:281) ~[paper-api-1.20.1-R0.1-SNAPSHOT.jar:?]
	at io.papermc.paper.plugin.manager.PaperPluginInstanceManager.enablePlugin(PaperPluginInstanceManager.java:189) ~[paper-1.20.1.jar:git-Paper-196]
	at jdk.internal.reflect.DirectMethodHandleAccessor.invoke(DirectMethodHandleAccessor.java:103) ~[?:?]
	at java.lang.reflect.Method.invoke(Method.java:580) ~[?:?]
	at com.rylinaux.plugman.util.PaperPluginUtil.load(PaperPluginUtil.java:359) ~[[ P - 管理 ] PlugManX.jar:?]
	at com.rylinaux.plugman.command.LoadCommand.execute(LoadCommand.java:116) ~[[ P - 管理 ] PlugManX.jar:?]
	at com.rylinaux.plugman.PlugManCommandHandler.onCommand(PlugManCommandHandler.java:98) ~[[ P - 管理 ] PlugManX.jar:?]
	at org.bukkit.command.PluginCommand.execute(PluginCommand.java:45) ~[paper-api-1.20.1-R0.1-SNAPSHOT.jar:?]
	at org.bukkit.command.SimpleCommandMap.dispatch(SimpleCommandMap.java:155) ~[paper-api-1.20.1-R0.1-SNAPSHOT.jar:?]
	at org.bukkit.craftbukkit.v1_20_R1.CraftServer.dispatchCommand(CraftServer.java:987) ~[paper-1.20.1.jar:git-Paper-196]
	at org.bukkit.craftbukkit.v1_20_R1.command.BukkitCommandWrapper.run(BukkitCommandWrapper.java:64) ~[paper-1.20.1.jar:git-Paper-196]
	at com.mojang.brigadier.CommandDispatcher.execute(CommandDispatcher.java:265) ~[paper-1.20.1.jar:?]
	at net.minecraft.commands.Commands.performCommand(Commands.java:324) ~[?:?]
	at net.minecraft.commands.Commands.performCommand(Commands.java:308) ~[?:?]
	at net.minecraft.server.network.ServerGamePacketListenerImpl.performChatCommand(ServerGamePacketListenerImpl.java:2354) ~[?:?]
	at net.minecraft.server.network.ServerGamePacketListenerImpl.lambda$handleChatCommand$21(ServerGamePacketListenerImpl.java:2314) ~[?:?]
	at net.minecraft.util.thread.BlockableEventLoop.lambda$submitAsync$0(BlockableEventLoop.java:59) ~[?:?]
	at java.util.concurrent.CompletableFuture$AsyncSupply.run(CompletableFuture.java:1768) ~[?:?]
	at net.minecraft.server.TickTask.run(TickTask.java:18) ~[paper-1.20.1.jar:git-Paper-196]
	at net.minecraft.util.thread.BlockableEventLoop.doRunTask(BlockableEventLoop.java:153) ~[?:?]
	at net.minecraft.util.thread.ReentrantBlockableEventLoop.doRunTask(ReentrantBlockableEventLoop.java:24) ~[?:?]
	at net.minecraft.server.MinecraftServer.doRunTask(MinecraftServer.java:1338) ~[paper-1.20.1.jar:git-Paper-196]
	at net.minecraft.server.MinecraftServer.d(MinecraftServer.java:197) ~[paper-1.20.1.jar:git-Paper-196]
	at net.minecraft.util.thread.BlockableEventLoop.pollTask(BlockableEventLoop.java:126) ~[?:?]
	at net.minecraft.server.MinecraftServer.pollTaskInternal(MinecraftServer.java:1315) ~[paper-1.20.1.jar:git-Paper-196]
	at net.minecraft.server.MinecraftServer.pollTask(MinecraftServer.java:1308) ~[paper-1.20.1.jar:git-Paper-196]
	at net.minecraft.util.thread.BlockableEventLoop.managedBlock(BlockableEventLoop.java:136) ~[?:?]
	at net.minecraft.server.MinecraftServer.waitUntilNextTick(MinecraftServer.java:1286) ~[paper-1.20.1.jar:git-Paper-196]
	at net.minecraft.server.MinecraftServer.runServer(MinecraftServer.java:1174) ~[paper-1.20.1.jar:git-Paper-196]
	at net.minecraft.server.MinecraftServer.lambda$spin$0(MinecraftServer.java:317) ~[paper-1.20.1.jar:git-Paper-196]
	at java.lang.Thread.run(Thread.java:1583) ~[?:?]
Caused by: java.lang.Exception: 无法执行SQL脚本: schema-mysql.sql
	at cn.drcomo.drcomoguibinder.database.MySQLProvider.executeSchemaScript(MySQLProvider.java:335) ~[DrcomoGuiBinder-1.0.jar:?]
	at cn.drcomo.drcomoguibinder.database.MySQLProvider.initializeSchema(MySQLProvider.java:127) ~[DrcomoGuiBinder-1.0.jar:?]
	... 33 more
Caused by: java.sql.SQLSyntaxErrorException: Duplicate key name 'idx_gui_bindings_player'
	at com.mysql.cj.jdbc.exceptions.SQLError.createSQLException(SQLError.java:121) ~[mysql-connector-j-8.0.33.jar:8.0.33]
	at com.mysql.cj.jdbc.exceptions.SQLExceptionsMapping.translateException(SQLExceptionsMapping.java:122) ~[mysql-connector-j-8.0.33.jar:8.0.33]
	at com.mysql.cj.jdbc.ClientPreparedStatement.executeInternal(ClientPreparedStatement.java:916) ~[mysql-connector-j-8.0.33.jar:8.0.33]
	at com.mysql.cj.jdbc.ClientPreparedStatement.executeUpdateInternal(ClientPreparedStatement.java:1061) ~[mysql-connector-j-8.0.33.jar:8.0.33]
	at com.mysql.cj.jdbc.ClientPreparedStatement.executeUpdateInternal(ClientPreparedStatement.java:1009) ~[mysql-connector-j-8.0.33.jar:8.0.33]
	at com.mysql.cj.jdbc.ClientPreparedStatement.executeLargeUpdate(ClientPreparedStatement.java:1320) ~[mysql-connector-j-8.0.33.jar:8.0.33]
	at com.mysql.cj.jdbc.ClientPreparedStatement.executeUpdate(ClientPreparedStatement.java:994) ~[mysql-connector-j-8.0.33.jar:8.0.33]
	at cn.drcomo.drcomoguibinder.database.MySQLProvider.executeSchemaScript(MySQLProvider.java:327) ~[DrcomoGuiBinder-1.0.jar:?]
	at cn.drcomo.drcomoguibinder.database.MySQLProvider.initializeSchema(MySQLProvider.java:127) ~[DrcomoGuiBinder-1.0.jar:?]
	... 33 more
[20:00:42] [Server thread/ERROR]: [DrcomoGuiBinder] §f[§aDrcomoGuiBinder§f]§r 初始化数据库失败
java.lang.IllegalStateException: 无法连接数据库
	at cn.drcomo.drcomoguibinder.bind.BindingRepository.connect(BindingRepository.java:47) ~[DrcomoGuiBinder-1.0.jar:?]
	at cn.drcomo.drcomoguibinder.DrcomoGuiBinder.onEnable(DrcomoGuiBinder.java:122) ~[DrcomoGuiBinder-1.0.jar:?]
	at org.bukkit.plugin.java.JavaPlugin.setEnabled(JavaPlugin.java:281) ~[paper-api-1.20.1-R0.1-SNAPSHOT.jar:?]
	at io.papermc.paper.plugin.manager.PaperPluginInstanceManager.enablePlugin(PaperPluginInstanceManager.java:189) ~[paper-1.20.1.jar:git-Paper-196]
	at jdk.internal.reflect.DirectMethodHandleAccessor.invoke(DirectMethodHandleAccessor.java:103) ~[?:?]
	at java.lang.reflect.Method.invoke(Method.java:580) ~[?:?]
	at com.rylinaux.plugman.util.PaperPluginUtil.load(PaperPluginUtil.java:359) ~[[ P - 管理 ] PlugManX.jar:?]
	at com.rylinaux.plugman.command.LoadCommand.execute(LoadCommand.java:116) ~[[ P - 管理 ] PlugManX.jar:?]
	at com.rylinaux.plugman.PlugManCommandHandler.onCommand(PlugManCommandHandler.java:98) ~[[ P - 管理 ] PlugManX.jar:?]
	at org.bukkit.command.PluginCommand.execute(PluginCommand.java:45) ~[paper-api-1.20.1-R0.1-SNAPSHOT.jar:?]
	at org.bukkit.command.SimpleCommandMap.dispatch(SimpleCommandMap.java:155) ~[paper-api-1.20.1-R0.1-SNAPSHOT.jar:?]
	at org.bukkit.craftbukkit.v1_20_R1.CraftServer.dispatchCommand(CraftServer.java:987) ~[paper-1.20.1.jar:git-Paper-196]
	at org.bukkit.craftbukkit.v1_20_R1.command.BukkitCommandWrapper.run(BukkitCommandWrapper.java:64) ~[paper-1.20.1.jar:git-Paper-196]
	at com.mojang.brigadier.CommandDispatcher.execute(CommandDispatcher.java:265) ~[paper-1.20.1.jar:?]
	at net.minecraft.commands.Commands.performCommand(Commands.java:324) ~[?:?]
	at net.minecraft.commands.Commands.performCommand(Commands.java:308) ~[?:?]
	at net.minecraft.server.network.ServerGamePacketListenerImpl.performChatCommand(ServerGamePacketListenerImpl.java:2354) ~[?:?]
	at net.minecraft.server.network.ServerGamePacketListenerImpl.lambda$handleChatCommand$21(ServerGamePacketListenerImpl.java:2314) ~[?:?]
	at net.minecraft.util.thread.BlockableEventLoop.lambda$submitAsync$0(BlockableEventLoop.java:59) ~[?:?]
	at java.util.concurrent.CompletableFuture$AsyncSupply.run(CompletableFuture.java:1768) ~[?:?]
	at net.minecraft.server.TickTask.run(TickTask.java:18) ~[paper-1.20.1.jar:git-Paper-196]
	at net.minecraft.util.thread.BlockableEventLoop.doRunTask(BlockableEventLoop.java:153) ~[?:?]
	at net.minecraft.util.thread.ReentrantBlockableEventLoop.doRunTask(ReentrantBlockableEventLoop.java:24) ~[?:?]
	at net.minecraft.server.MinecraftServer.doRunTask(MinecraftServer.java:1338) ~[paper-1.20.1.jar:git-Paper-196]
	at net.minecraft.server.MinecraftServer.d(MinecraftServer.java:197) ~[paper-1.20.1.jar:git-Paper-196]
	at net.minecraft.util.thread.BlockableEventLoop.pollTask(BlockableEventLoop.java:126) ~[?:?]
	at net.minecraft.server.MinecraftServer.pollTaskInternal(MinecraftServer.java:1315) ~[paper-1.20.1.jar:git-Paper-196]
	at net.minecraft.server.MinecraftServer.pollTask(MinecraftServer.java:1308) ~[paper-1.20.1.jar:git-Paper-196]
	at net.minecraft.util.thread.BlockableEventLoop.managedBlock(BlockableEventLoop.java:136) ~[?:?]
	at net.minecraft.server.MinecraftServer.waitUntilNextTick(MinecraftServer.java:1286) ~[paper-1.20.1.jar:git-Paper-196]
	at net.minecraft.server.MinecraftServer.runServer(MinecraftServer.java:1174) ~[paper-1.20.1.jar:git-Paper-196]
	at net.minecraft.server.MinecraftServer.lambda$spin$0(MinecraftServer.java:317) ~[paper-1.20.1.jar:git-Paper-196]
	at java.lang.Thread.run(Thread.java:1583) ~[?:?]
Caused by: java.sql.SQLException: 无法初始化 MySQL 表结构
	at cn.drcomo.drcomoguibinder.database.MySQLProvider.initializeSchema(MySQLProvider.java:146) ~[DrcomoGuiBinder-1.0.jar:?]
	at cn.drcomo.drcomoguibinder.bind.BindingRepository.connect(BindingRepository.java:43) ~[DrcomoGuiBinder-1.0.jar:?]
	... 32 more
Caused by: java.lang.Exception: 无法执行SQL脚本: schema-mysql.sql
	at cn.drcomo.drcomoguibinder.database.MySQLProvider.executeSchemaScript(MySQLProvider.java:335) ~[DrcomoGuiBinder-1.0.jar:?]
	at cn.drcomo.drcomoguibinder.database.MySQLProvider.initializeSchema(MySQLProvider.java:127) ~[DrcomoGuiBinder-1.0.jar:?]
	at cn.drcomo.drcomoguibinder.bind.BindingRepository.connect(BindingRepository.java:43) ~[DrcomoGuiBinder-1.0.jar:?]
	... 32 more
Caused by: java.sql.SQLSyntaxErrorException: Duplicate key name 'idx_gui_bindings_player'
	at com.mysql.cj.jdbc.exceptions.SQLError.createSQLException(SQLError.java:121) ~[mysql-connector-j-8.0.33.jar:8.0.33]
	at com.mysql.cj.jdbc.exceptions.SQLExceptionsMapping.translateException(SQLExceptionsMapping.java:122) ~[mysql-connector-j-8.0.33.jar:8.0.33]
	at com.mysql.cj.jdbc.ClientPreparedStatement.executeInternal(ClientPreparedStatement.java:916) ~[mysql-connector-j-8.0.33.jar:8.0.33]
	at com.mysql.cj.jdbc.ClientPreparedStatement.executeUpdateInternal(ClientPreparedStatement.java:1061) ~[mysql-connector-j-8.0.33.jar:8.0.33]
	at com.mysql.cj.jdbc.ClientPreparedStatement.executeUpdateInternal(ClientPreparedStatement.java:1009) ~[mysql-connector-j-8.0.33.jar:8.0.33]
	at com.mysql.cj.jdbc.ClientPreparedStatement.executeLargeUpdate(ClientPreparedStatement.java:1320) ~[mysql-connector-j-8.0.33.jar:8.0.33]
	at com.mysql.cj.jdbc.ClientPreparedStatement.executeUpdate(ClientPreparedStatement.java:994) ~[mysql-connector-j-8.0.33.jar:8.0.33]
	at cn.drcomo.drcomoguibinder.database.MySQLProvider.executeSchemaScript(MySQLProvider.java:327) ~[DrcomoGuiBinder-1.0.jar:?]
	at cn.drcomo.drcomoguibinder.database.MySQLProvider.initializeSchema(MySQLProvider.java:127) ~[DrcomoGuiBinder-1.0.jar:?]
	at cn.drcomo.drcomoguibinder.bind.BindingRepository.connect(BindingRepository.java:43) ~[DrcomoGuiBinder-1.0.jar:?]
	... 32 more
[20:00:42] [Server thread/INFO]: [DrcomoGuiBinder] Disabling DrcomoGuiBinder v1.0
[20:00:42] [Server thread/INFO]: [DrcomoGuiBinder] §f[§aDrcomoGuiBinder§f]§r YamlUtil 资源已关闭
[20:00:42] [Server thread/INFO]: [DrcomoGuiBinder] §f[§aDrcomoGuiBinder§f]§r 关闭数据库连接...
[20:00:42] [Server thread/INFO]: [DrcomoGuiBinder] §f[§aDrcomoGuiBinder§f]§r MySQL 断开连接，执行统计 - 总语句数: 0, 平均耗时: 0ms
[20:00:42] [Server thread/INFO]: [DrcomoGuiBinder] §f[§aDrcomoGuiBinder§f]§r DrcomoGuiBinder 已卸载